[2020-10-29 15:13:36][error] [8]Undefined property: app\numbers\controller\Index::$fetch[/home/ChineseMan/ThinkAdmin/app/numbers/controller/Index.php:33]
[2020-10-29 17:33:44][error] [0]Call to undefined method app\numbers\controller\Device::page()[/home/ChineseMan/ThinkAdmin/app/numbers/controller/Device.php:44]
[2020-10-29 18:30:34][error] [0]语法错误: unexpected '$this' (T_VARIABLE)[/home/ChineseMan/ThinkAdmin/app/numbers/controller/Device.php:63]
[2020-10-29 18:38:55][error] [10501]SQLSTATE[42S02]: Base table or view not found: 1146 Table 'imessage.phone_device' doesn't exist[/home/ChineseMan/ThinkAdmin/vendor/topthink/think-orm/src/db/PDOConnection.php:768]
[2020-10-29 18:40:58][error] [8]未定义数组下标: 1[/home/ChineseMan/ThinkAdmin/app/numbers/controller/Device.php:65]
[2020-10-29 18:42:01][error] [8]未定义数组索引: states[/home/ChineseMan/ThinkAdmin/app/numbers/controller/Device.php:65]
[2020-10-29 22:08:22][error] [0]语法错误: unexpected '$this' (T_VARIABLE)[/home/ChineseMan/ThinkAdmin/app/numbers/controller/Device.php:90]
[2020-10-29 22:08:35][error] [8]Undefined property: app\numbers\controller\Device::$require[/home/ChineseMan/ThinkAdmin/app/numbers/controller/Device.php:85]
[2020-10-29 22:14:45][error] [0]Call to undefined function app\numbers\controller\delete()[/home/ChineseMan/ThinkAdmin/app/numbers/controller/Device.php:109]
[2020-10-30 10:36:22][error] [2]count(): Parameter must be an array or an object that implements Countable[/home/ChineseMan/ThinkAdmin/app/numbers/controller/Device.php:123]
[2020-10-30 10:36:55][error] [2]count(): Parameter must be an array or an object that implements Countable[/home/ChineseMan/ThinkAdmin/app/numbers/controller/Device.php:123]
[2020-10-30 10:40:09][error] [2]count(): Parameter must be an array or an object that implements Countable[/home/ChineseMan/ThinkAdmin/app/numbers/controller/Device.php:123]
[2020-10-30 10:44:31][error] [2]count(): Parameter must be an array or an object that implements Countable[/home/ChineseMan/ThinkAdmin/app/numbers/controller/Device.php:123]
[2020-10-30 10:44:55][error] [2]count(): Parameter must be an array or an object that implements Countable[/home/ChineseMan/ThinkAdmin/app/numbers/controller/Device.php:123]
[2020-10-30 10:48:10][error] [2]count(): Parameter must be an array or an object that implements Countable[/home/ChineseMan/ThinkAdmin/app/numbers/controller/Device.php:124]
[2020-10-30 10:48:19][error] [2]count(): Parameter must be an array or an object that implements Countable[/home/ChineseMan/ThinkAdmin/app/numbers/controller/Device.php:124]
[2020-10-30 10:54:34][error] [8]Array to string conversion[/home/ChineseMan/ThinkAdmin/app/numbers/controller/Device.php:127]
[2020-10-30 10:55:19][error] [0]语法错误: unexpected 'if' (T_IF)[/home/ChineseMan/ThinkAdmin/app/numbers/controller/Device.php:124]
[2020-10-30 10:56:42][error] [8]Array to string conversion[/home/ChineseMan/ThinkAdmin/app/numbers/controller/Device.php:127]
[2020-10-30 10:56:46][error] [8]Array to string conversion[/home/ChineseMan/ThinkAdmin/app/numbers/controller/Device.php:127]
[2020-10-30 12:54:49][error] [0]Call to undefined method app\numbers\controller\Index::_truncate()[/home/ChineseMan/ThinkAdmin/app/numbers/controller/Index.php:64]
[2020-10-30 12:56:22][error] [10501]SQLSTATE[42S02]: Base table or view not found: 1146 Table 'imessage.PhoneNumbers' doesn't exist[/home/ChineseMan/ThinkAdmin/vendor/topthink/think-orm/src/db/PDOConnection.php:768]
[2020-10-30 13:01:50][error] [0]Class 'app\numbers\controller\Date' not found[/home/ChineseMan/ThinkAdmin/app/numbers/controller/Index.php:64]
[2020-10-30 13:02:16][error] [0]Class 'app\numbers\controller\date' not found[/home/ChineseMan/ThinkAdmin/app/numbers/controller/Index.php:64]
[2020-10-30 13:04:40][error] [8]未定义变量: nowtime[/home/ChineseMan/ThinkAdmin/app/numbers/controller/Index.php:67]
[2020-10-30 14:07:51][error] [0]Call to undefined method think\Request::is_post()[/home/ChineseMan/ThinkAdmin/app/numbers/controller/Index.php:76]
[2020-10-30 14:18:44][error] [8]未定义变量: file[/home/ChineseMan/ThinkAdmin/app/numbers/controller/Index.php:79]
[2020-10-30 17:40:27][error] [0]Call to undefined function app\numbers\controller\sysconfig()[/home/ChineseMan/ThinkAdmin/app/numbers/controller/Index.php:84]
[2020-10-30 18:24:04][error] [0]Call to undefined method think\App::getRootPaht()[/home/ChineseMan/ThinkAdmin/app/numbers/controller/Index.php:81]
[2020-10-30 18:24:29][error] [0]Call to undefined method think\App::getRootPaht()[/home/ChineseMan/ThinkAdmin/app/numbers/controller/Index.php:81]
[2020-10-30 18:25:10][error] [0]Call to undefined method think\App::getBasePaht()[/home/ChineseMan/ThinkAdmin/app/numbers/controller/Index.php:81]
[2020-10-30 18:28:00][error] [0]Call to undefined method think\App::getBasePaht()[/home/ChineseMan/ThinkAdmin/app/numbers/controller/Index.php:81]
[2020-10-30 18:41:05][error] [0]Call to undefined function app\numbers\controller\get_file_contents()[/home/ChineseMan/ThinkAdmin/app/numbers/controller/Index.php:82]
[2020-10-30 18:52:40][error] [0]方法不存在: think\admin\storage\LocalStorage->instalce()[/home/ChineseMan/ThinkAdmin/vendor/zoujingli/think-library/src/Storage.php:91]
[2020-10-30 18:56:18][error] [2]file_get_contents(/home/ChineseMan/ThinkAdmin/2d/ba5500946fb5037f400f451afbc2ae.txt): failed to open stream: No such file or directory[/home/ChineseMan/ThinkAdmin/app/numbers/controller/Index.php:82]
[2020-10-30 18:57:19][error] [2]file_get_contents(/home/ChineseMan/ThinkAdmin/public/upload2d/ba5500946fb5037f400f451afbc2ae.txt): failed to open stream: No such file or directory[/home/ChineseMan/ThinkAdmin/app/numbers/controller/Index.php:82]
[2020-10-30 19:03:05][error] [2]str_split() expects parameter 2 to be int, string given[/home/ChineseMan/ThinkAdmin/app/numbers/controller/Index.php:83]
[2020-10-30 20:21:23][error] [2]fopen(/home/ChineseMan/ThinkAdmin/public/upload/e2/c6504a028434662f3dfc616f040e03.txt): failed to open stream: No such file or directory[/home/ChineseMan/ThinkAdmin/app/numbers/controller/Index.php:82]
[2020-10-31 12:31:10][error] [8]Undefined property: app\numbers\controller\Index::$tabale[/home/ChineseMan/ThinkAdmin/app/numbers/controller/Index.php:92]
[2020-10-31 12:32:54][error] [2]fopen(/home/ChineseMan/ThinkAdmin/public/upload/ed/43ff3cb78b7a2096821b5be1a277ac.TXT): failed to open stream: No such file or directory[/home/ChineseMan/ThinkAdmin/app/numbers/controller/Index.php:82]
[2020-10-31 12:38:30][error] [2]fopen(/home/chineseman/thinkadmin/public/upload/http://127.0.0.1:8000/upload/ed/43ff3cb78b7a2096821b5be1a277ac.txt): failed to open stream: No such file or directory[/home/ChineseMan/ThinkAdmin/app/numbers/controller/Index.php:82]
[2020-10-31 12:40:35][error] [0]Call to undefined function app\numbers\controller\startsWitch()[/home/ChineseMan/ThinkAdmin/app/numbers/controller/Index.php:80]
[2020-10-31 12:47:11][error] [2]fopen(/home/chineseman/thinkadmin/public//upload/ed/43ff3cb78b7a2096821b5be1a277ac.txt): failed to open stream: No such file or directory[/home/ChineseMan/ThinkAdmin/app/numbers/controller/Index.php:86]
[2020-10-31 12:52:01][error] [0]Call to undefined function app\numbers\controller\close()[/home/ChineseMan/ThinkAdmin/app/numbers/controller/Index.php:102]
[2020-10-31 12:52:22][error] [0]Call to a member function close() on resource[/home/ChineseMan/ThinkAdmin/app/numbers/controller/Index.php:102]
[2020-10-31 12:58:04][error] [0]Call to a member function close() on resource[/home/ChineseMan/ThinkAdmin/app/numbers/controller/Index.php:102]
[2020-10-31 13:00:12][error] [0]Call to a member function remove() on resource[/home/ChineseMan/ThinkAdmin/app/numbers/controller/Index.php:102]
[2020-10-31 13:01:42][error] [10501]SQLSTATE[HY000]: General error: 1267 Illegal mix of collations (latin1_swedish_ci,IMPLICIT) and (utf8mb4_general_ci,COERCIBLE) for operation '='[/home/ChineseMan/ThinkAdmin/vendor/topthink/think-orm/src/db/PDOConnection.php:768]
